2015-07-14 15:23:52: Using S3 host s3-eu-west-1.amazonaws.com
2015-07-14 15:23:53: -- Analysis Started by User
2015-07-14 15:23:56: Do Not Propagate Deletions: 1-way deletions reverted: 3
2015-07-14 15:23:56: /en: Warning: Older file to replace Newer file
2015-07-14 15:23:56: /index: Warning: Older file to replace Newer file
2015-07-14 15:23:56: Changes: 317, Conflicts: 0, CopyTime: 0, CopyState: 0/0, Errors: 0, All: 389
2015-07-14 15:23:56: Right to Left: Copy File: 317 
2015-07-14 15:23:56: -- Analysis Complete. Time 00:00:05, Speed: 77 files/s
2015-07-14 15:23:56: 
2015-07-14 15:24:27: Using S3 host s3-eu-west-1.amazonaws.com
2015-07-14 15:24:29: == Sync Started by User
2015-07-14 15:24:30: Create Folder '/Users/paul/Dropbox/PaulStuff/griny-template3/onepage/en'
2015-07-14 15:24:30: Copy New 's3://s3.amazonaws.com/www.noesblanches.com/assets/Icon
' -> '/Users/paul/Dropbox/PaulStuff/griny-template3/onepage/assets/Icon
'
- ERROR: Error copying file: Not Found by server
2015-07-14 15:24:31: Copy Over 's3://s3.amazonaws.com/www.noesblanches.com/assets/logo_nb2.png' -> '/Users/paul/Dropbox/PaulStuff/griny-template3/onepage/assets/logo_nb2.png'
2015-07-14 15:24:31: Copy Over 's3://s3.amazonaws.com/www.noesblanches.com/assets/logo_nb2_fr.png' -> '/Users/paul/Dropbox/PaulStuff/griny-template3/onepage/assets/logo_nb2_fr.png'
2015-07-14 15:24:31: Copy Over 's3://s3.amazonaws.com/www.noesblanches.com/backgroundsize.min.htc' -> '/Users/paul/Dropbox/PaulStuff/griny-template3/onepage/backgroundsize.min.htc'
2015-07-14 15:24:31: Copy Over 's3://s3.amazonaws.com/www.noesblanches.com/chateau_mariage_le_mans' -> '/Users/paul/Dropbox/PaulStuff/griny-template3/onepage/chateau_mariage_le_mans'
2015-07-14 15:24:31: Copy Over 's3://s3.amazonaws.com/www.noesblanches.com/css/bootstrap-responsive.css' -> '/Users/paul/Dropbox/PaulStuff/griny-template3/onepage/css/bootstrap-responsive.css'
2015-07-14 15:24:31: Copy Over 's3://s3.amazonaws.com/www.noesblanches.com/css/bootstrap-responsive.min.css' -> '/Users/paul/Dropbox/PaulStuff/griny-template3/onepage/css/bootstrap-responsive.min.css'
2015-07-14 15:24:34: Copy Over 's3://s3.amazonaws.com/www.noesblanches.com/css/bootstrap.css' -> '/Users/paul/Dropbox/PaulStuff/griny-template3/onepage/css/bootstrap.css'
2015-07-14 15:24:34: Copy Over 's3://s3.amazonaws.com/www.noesblanches.com/css/bootstrap.min.css' -> '/Users/paul/Dropbox/PaulStuff/griny-template3/onepage/css/bootstrap.min.css'
2015-07-14 15:24:35: Copy Over 's3://s3.amazonaws.com/www.noesblanches.com/css/bootstrap2.css' -> '/Users/paul/Dropbox/PaulStuff/griny-template3/onepage/css/bootstrap2.css'
2015-07-14 15:24:36: Copy Over 's3://s3.amazonaws.com/www.noesblanches.com/css/bootstrap2.min.css' -> '/Users/paul/Dropbox/PaulStuff/griny-template3/onepage/css/bootstrap2.min.css'
2015-07-14 15:24:36: Copy Over 's3://s3.amazonaws.com/www.noesblanches.com/css/colorbox.css' -> '/Users/paul/Dropbox/PaulStuff/griny-template3/onepage/css/colorbox.css'
2015-07-14 15:24:36: Copy Over 's3://s3.amazonaws.com/www.noesblanches.com/css/filter.css' -> '/Users/paul/Dropbox/PaulStuff/griny-template3/onepage/css/filter.css'
2015-07-14 15:24:37: Copy Over 's3://s3.amazonaws.com/www.noesblanches.com/css/font-awesome-ie7.min.css' -> '/Users/paul/Dropbox/PaulStuff/griny-template3/onepage/css/font-awesome-ie7.min.css'
2015-07-14 15:24:37: Copy Over 's3://s3.amazonaws.com/www.noesblanches.com/css/font-awesome.min.css' -> '/Users/paul/Dropbox/PaulStuff/griny-template3/onepage/css/font-awesome.min.css'
2015-07-14 15:24:37: Copy New 's3://s3.amazonaws.com/www.noesblanches.com/css/Icon
' -> '/Users/paul/Dropbox/PaulStuff/griny-template3/onepage/css/Icon
'
- ERROR: Error copying file: Not Found by server
2015-07-14 15:24:38: Copy Over 's3://s3.amazonaws.com/www.noesblanches.com/css/img/bg-overlay.png' -> '/Users/paul/Dropbox/PaulStuff/griny-template3/onepage/css/img/bg-overlay.png'
2015-07-14 15:24:39: Copy Over 's3://s3.amazonaws.com/www.noesblanches.com/css/img/browser-header.jpg' -> '/Users/paul/Dropbox/PaulStuff/griny-template3/onepage/css/img/browser-header.jpg'
2015-07-14 15:24:39: Copy Over 's3://s3.amazonaws.com/www.noesblanches.com/css/img/controls.png' -> '/Users/paul/Dropbox/PaulStuff/griny-template3/onepage/css/img/controls.png'
2015-07-14 15:24:39: Copy Over 's3://s3.amazonaws.com/www.noesblanches.com/css/img/glyphicons-halflings-white.png' -> '/Users/paul/Dropbox/PaulStuff/griny-template3/onepage/css/img/glyphicons-halflings-white.png'
2015-07-14 15:24:39: Copy Over 's3://s3.amazonaws.com/www.noesblanches.com/css/img/glyphicons-halflings.png' -> '/Users/paul/Dropbox/PaulStuff/griny-template3/onepage/css/img/glyphicons-halflings.png'
2015-07-14 15:24:39: Copy New 's3://s3.amazonaws.com/www.noesblanches.com/css/img/Icon
' -> '/Users/paul/Dropbox/PaulStuff/griny-template3/onepage/css/img/Icon
'
- ERROR: Error copying file: Not Found by server
2015-07-14 15:24:39: Copy Over 's3://s3.amazonaws.com/www.noesblanches.com/css/img/ie-black-bg.png' -> '/Users/paul/Dropbox/PaulStuff/griny-template3/onepage/css/img/ie-black-bg.png'
2015-07-14 15:24:39: Copy Over 's3://s3.amazonaws.com/www.noesblanches.com/css/img/loading.gif' -> '/Users/paul/Dropbox/PaulStuff/griny-template3/onepage/css/img/loading.gif'
2015-07-14 15:24:40: Copy Over 's3://s3.amazonaws.com/www.noesblanches.com/css/main.css' -> '/Users/paul/Dropbox/PaulStuff/griny-template3/onepage/css/main.css'
2015-07-14 15:24:40: Copy Over 's3://s3.amazonaws.com/www.noesblanches.com/css/main2.css' -> '/Users/paul/Dropbox/PaulStuff/griny-template3/onepage/css/main2.css'
2015-07-14 15:24:41: Copy New 's3://s3.amazonaws.com/www.noesblanches.com/en/backgroundsize.min.htc' -> '/Users/paul/Dropbox/PaulStuff/griny-template3/onepage/en/backgroundsize.min.htc'
2015-07-14 15:24:41: Copy New 's3://s3.amazonaws.com/www.noesblanches.com/en/french_chateau_wedding' -> '/Users/paul/Dropbox/PaulStuff/griny-template3/onepage/en/french_chateau_wedding'
2015-07-14 15:24:41: Copy New 's3://s3.amazonaws.com/www.noesblanches.com/en/french_chateau_wedding.html' -> '/Users/paul/Dropbox/PaulStuff/griny-template3/onepage/en/french_chateau_wedding.html'
2015-07-14 15:24:41: Copy New 's3://s3.amazonaws.com/www.noesblanches.com/en/french_wedding' -> '/Users/paul/Dropbox/PaulStuff/griny-template3/onepage/en/french_wedding'
2015-07-14 15:24:41: Copy New 's3://s3.amazonaws.com/www.noesblanches.com/en/french_wedding.html' -> '/Users/paul/Dropbox/PaulStuff/griny-template3/onepage/en/french_wedding.html'
2015-07-14 15:24:42: Copy New 's3://s3.amazonaws.com/www.noesblanches.com/en/gardens' -> '/Users/paul/Dropbox/PaulStuff/griny-template3/onepage/en/gardens'
2015-07-14 15:24:42: Copy New 's3://s3.amazonaws.com/www.noesblanches.com/en/gardens.html' -> '/Users/paul/Dropbox/PaulStuff/griny-template3/onepage/en/gardens.html'
2015-07-14 15:24:42: Copy New 's3://s3.amazonaws.com/www.noesblanches.com/en/Icon
' -> '/Users/paul/Dropbox/PaulStuff/griny-template3/onepage/en/Icon
'
- ERROR: Error copying file: Not Found by server
2015-07-14 15:24:42: Copy New 's3://s3.amazonaws.com/www.noesblanches.com/en/index' -> '/Users/paul/Dropbox/PaulStuff/griny-template3/onepage/en/index'
2015-07-14 15:24:42: Copy New 's3://s3.amazonaws.com/www.noesblanches.com/en/index.html' -> '/Users/paul/Dropbox/PaulStuff/griny-template3/onepage/en/index.html'
2015-07-14 15:24:44: Copy New 's3://s3.amazonaws.com/www.noesblanches.com/en/index2' -> '/Users/paul/Dropbox/PaulStuff/griny-template3/onepage/en/index2'
2015-07-14 15:24:44: Copy New 's3://s3.amazonaws.com/www.noesblanches.com/en/index2.html' -> '/Users/paul/Dropbox/PaulStuff/griny-template3/onepage/en/index2.html'
2015-07-14 15:24:44: Copy New 's3://s3.amazonaws.com/www.noesblanches.com/en/lemans-24h' -> '/Users/paul/Dropbox/PaulStuff/griny-template3/onepage/en/lemans-24h'
2015-07-14 15:24:45: Copy New 's3://s3.amazonaws.com/www.noesblanches.com/en/lemans-24h.html' -> '/Users/paul/Dropbox/PaulStuff/griny-template3/onepage/en/lemans-24h.html'
2015-07-14 15:24:45: Copy New 's3://s3.amazonaws.com/www.noesblanches.com/en/shortcodes' -> '/Users/paul/Dropbox/PaulStuff/griny-template3/onepage/en/shortcodes'
2015-07-14 15:24:47: Copy New 's3://s3.amazonaws.com/www.noesblanches.com/en/shortcodes.html' -> '/Users/paul/Dropbox/PaulStuff/griny-template3/onepage/en/shortcodes.html'
2015-07-14 15:24:47: Copy New 's3://s3.amazonaws.com/www.noesblanches.com/en/test' -> '/Users/paul/Dropbox/PaulStuff/griny-template3/onepage/en/test'
2015-07-14 15:24:47: Copy New 's3://s3.amazonaws.com/www.noesblanches.com/en/test.html' -> '/Users/paul/Dropbox/PaulStuff/griny-template3/onepage/en/test.html'
2015-07-14 15:24:47: Copy Over 's3://s3.amazonaws.com/www.noesblanches.com/font/fontawesome-webfont.eot' -> '/Users/paul/Dropbox/PaulStuff/griny-template3/onepage/font/fontawesome-webfont.eot'
2015-07-14 15:24:49: Copy Over 's3://s3.amazonaws.com/www.noesblanches.com/font/fontawesome-webfont.svg' -> '/Users/paul/Dropbox/PaulStuff/griny-template3/onepage/font/fontawesome-webfont.svg'
2015-07-14 15:24:49: Copy Over 's3://s3.amazonaws.com/www.noesblanches.com/font/fontawesome-webfont.ttf' -> '/Users/paul/Dropbox/PaulStuff/griny-template3/onepage/font/fontawesome-webfont.ttf'
2015-07-14 15:24:52: Copy Over 's3://s3.amazonaws.com/www.noesblanches.com/font/fontawesome-webfont.woff' -> '/Users/paul/Dropbox/PaulStuff/griny-template3/onepage/font/fontawesome-webfont.woff'
2015-07-14 15:24:52: Copy Over 's3://s3.amazonaws.com/www.noesblanches.com/font/FontAwesome.otf' -> '/Users/paul/Dropbox/PaulStuff/griny-template3/onepage/font/FontAwesome.otf'
2015-07-14 15:24:52: Copy New 's3://s3.amazonaws.com/www.noesblanches.com/font/Icon
' -> '/Users/paul/Dropbox/PaulStuff/griny-template3/onepage/font/Icon
'
- ERROR: Error copying file: Not Found by server
2015-07-14 15:24:52: Copy New 's3://s3.amazonaws.com/www.noesblanches.com/Icon
' -> '/Users/paul/Dropbox/PaulStuff/griny-template3/onepage/Icon
'
- ERROR: Error copying file: Not Found by server
2015-07-14 15:24:53: Copy Over 's3://s3.amazonaws.com/www.noesblanches.com/images/bg6.jpg' -> '/Users/paul/Dropbox/PaulStuff/griny-template3/onepage/images/bg6.jpg'
2015-07-14 15:24:53: Copy Over 's3://s3.amazonaws.com/www.noesblanches.com/images/bg8.jpg' -> '/Users/paul/Dropbox/PaulStuff/griny-template3/onepage/images/bg8.jpg'
2015-07-14 15:24:54: Copy Over 's3://s3.amazonaws.com/www.noesblanches.com/images/duo1.jpg' -> '/Users/paul/Dropbox/PaulStuff/griny-template3/onepage/images/duo1.jpg'
2015-07-14 15:24:54: Copy Over 's3://s3.amazonaws.com/www.noesblanches.com/images/duo1s.jpg' -> '/Users/paul/Dropbox/PaulStuff/griny-template3/onepage/images/duo1s.jpg'
2015-07-14 15:24:55: Copy Over 's3://s3.amazonaws.com/www.noesblanches.com/images/duo1sq.jpg' -> '/Users/paul/Dropbox/PaulStuff/griny-template3/onepage/images/duo1sq.jpg'
2015-07-14 15:24:56: Copy Over 's3://s3.amazonaws.com/www.noesblanches.com/images/duo2.jpg' -> '/Users/paul/Dropbox/PaulStuff/griny-template3/onepage/images/duo2.jpg'
2015-07-14 15:24:57: Copy Over 's3://s3.amazonaws.com/www.noesblanches.com/images/duo2_pan.jpg' -> '/Users/paul/Dropbox/PaulStuff/griny-template3/onepage/images/duo2_pan.jpg'
2015-07-14 15:24:57: Copy Over 's3://s3.amazonaws.com/www.noesblanches.com/images/duo2s.jpg' -> '/Users/paul/Dropbox/PaulStuff/griny-template3/onepage/images/duo2s.jpg'
2015-07-14 15:24:58: Copy Over 's3://s3.amazonaws.com/www.noesblanches.com/images/duo2sq.jpg' -> '/Users/paul/Dropbox/PaulStuff/griny-template3/onepage/images/duo2sq.jpg'
2015-07-14 15:24:58: Copy Over 's3://s3.amazonaws.com/www.noesblanches.com/images/favicon.ico' -> '/Users/paul/Dropbox/PaulStuff/griny-template3/onepage/images/favicon.ico'
2015-07-14 15:25:00: Copy Over 's3://s3.amazonaws.com/www.noesblanches.com/images/garden1.jpg' -> '/Users/paul/Dropbox/PaulStuff/griny-template3/onepage/images/garden1.jpg'
2015-07-14 15:25:01: Copy Over 's3://s3.amazonaws.com/www.noesblanches.com/images/garden1_pan.jpg' -> '/Users/paul/Dropbox/PaulStuff/griny-template3/onepage/images/garden1_pan.jpg'
2015-07-14 15:25:01: Copy Over 's3://s3.amazonaws.com/www.noesblanches.com/images/garden1s.jpg' -> '/Users/paul/Dropbox/PaulStuff/griny-template3/onepage/images/garden1s.jpg'
2015-07-14 15:25:03: Copy Over 's3://s3.amazonaws.com/www.noesblanches.com/images/garden2.jpg' -> '/Users/paul/Dropbox/PaulStuff/griny-template3/onepage/images/garden2.jpg'
2015-07-14 15:25:03: Copy Over 's3://s3.amazonaws.com/www.noesblanches.com/images/garden2_pan.jpg' -> '/Users/paul/Dropbox/PaulStuff/griny-template3/onepage/images/garden2_pan.jpg'
2015-07-14 15:25:03: Copy Over 's3://s3.amazonaws.com/www.noesblanches.com/images/garden2s.jpg' -> '/Users/paul/Dropbox/PaulStuff/griny-template3/onepage/images/garden2s.jpg'
2015-07-14 15:25:03: Copy Over 's3://s3.amazonaws.com/www.noesblanches.com/images/gardenroom1.jpg' -> '/Users/paul/Dropbox/PaulStuff/griny-template3/onepage/images/gardenroom1.jpg'
2015-07-14 15:25:04: Copy Over 's3://s3.amazonaws.com/www.noesblanches.com/images/gardenroom1s.jpg' -> '/Users/paul/Dropbox/PaulStuff/griny-template3/onepage/images/gardenroom1s.jpg'
2015-07-14 15:25:04: Copy Over 's3://s3.amazonaws.com/www.noesblanches.com/images/gardenroom2.jpg' -> '/Users/paul/Dropbox/PaulStuff/griny-template3/onepage/images/gardenroom2.jpg'
2015-07-14 15:25:05: Copy Over 's3://s3.amazonaws.com/www.noesblanches.com/images/gardenroom2s.jpg' -> '/Users/paul/Dropbox/PaulStuff/griny-template3/onepage/images/gardenroom2s.jpg'
2015-07-14 15:25:06: Copy Over 's3://s3.amazonaws.com/www.noesblanches.com/images/house1.jpg' -> '/Users/paul/Dropbox/PaulStuff/griny-template3/onepage/images/house1.jpg'
2015-07-14 15:25:06: Copy Over 's3://s3.amazonaws.com/www.noesblanches.com/images/house1s.jpg' -> '/Users/paul/Dropbox/PaulStuff/griny-template3/onepage/images/house1s.jpg'
2015-07-14 15:25:06: Copy Over 's3://s3.amazonaws.com/www.noesblanches.com/images/house1sq.jpg' -> '/Users/paul/Dropbox/PaulStuff/griny-template3/onepage/images/house1sq.jpg'
2015-07-14 15:25:06: Copy New 's3://s3.amazonaws.com/www.noesblanches.com/images/Icon
' -> '/Users/paul/Dropbox/PaulStuff/griny-template3/onepage/images/Icon
'
- ERROR: Error copying file: Not Found by server
2015-07-14 15:25:07: Copy Over 's3://s3.amazonaws.com/www.noesblanches.com/images/image_1.jpg' -> '/Users/paul/Dropbox/PaulStuff/griny-template3/onepage/images/image_1.jpg'
2015-07-14 15:25:07: Copy Over 's3://s3.amazonaws.com/www.noesblanches.com/images/image_2.jpg' -> '/Users/paul/Dropbox/PaulStuff/griny-template3/onepage/images/image_2.jpg'
2015-07-14 15:25:07: Copy Over 's3://s3.amazonaws.com/www.noesblanches.com/images/image_3.jpg' -> '/Users/paul/Dropbox/PaulStuff/griny-template3/onepage/images/image_3.jpg'
2015-07-14 15:25:07: Copy Over 's3://s3.amazonaws.com/www.noesblanches.com/images/image_4.jpg' -> '/Users/paul/Dropbox/PaulStuff/griny-template3/onepage/images/image_4.jpg'
2015-07-14 15:25:08: Copy Over 's3://s3.amazonaws.com/www.noesblanches.com/images/image_6.jpg' -> '/Users/paul/Dropbox/PaulStuff/griny-template3/onepage/images/image_6.jpg'
2015-07-14 15:25:08: Copy Over 's3://s3.amazonaws.com/www.noesblanches.com/images/image_7.jpg' -> '/Users/paul/Dropbox/PaulStuff/griny-template3/onepage/images/image_7.jpg'
2015-07-14 15:25:09: Copy Over 's3://s3.amazonaws.com/www.noesblanches.com/images/kitchen1.jpg' -> '/Users/paul/Dropbox/PaulStuff/griny-template3/onepage/images/kitchen1.jpg'
2015-07-14 15:25:09: Copy Over 's3://s3.amazonaws.com/www.noesblanches.com/images/kitchen1s.jpg' -> '/Users/paul/Dropbox/PaulStuff/griny-template3/onepage/images/kitchen1s.jpg'
2015-07-14 15:25:09: Copy Over 's3://s3.amazonaws.com/www.noesblanches.com/images/kitchen2.jpg' -> '/Users/paul/Dropbox/PaulStuff/griny-template3/onepage/images/kitchen2.jpg'
2015-07-14 15:25:09: Copy Over 's3://s3.amazonaws.com/www.noesblanches.com/images/kitchen2s.jpg' -> '/Users/paul/Dropbox/PaulStuff/griny-template3/onepage/images/kitchen2s.jpg'
2015-07-14 15:25:10: Copy Over 's3://s3.amazonaws.com/www.noesblanches.com/images/logo_nb2.png' -> '/Users/paul/Dropbox/PaulStuff/griny-template3/onepage/images/logo_nb2.png'
2015-07-14 15:25:10: Copy Over 's3://s3.amazonaws.com/www.noesblanches.com/images/logo_nb2_fr.png' -> '/Users/paul/Dropbox/PaulStuff/griny-template3/onepage/images/logo_nb2_fr.png'
2015-07-14 15:25:11: Copy Over 's3://s3.amazonaws.com/www.noesblanches.com/images/nb1.jpg' -> '/Users/paul/Dropbox/PaulStuff/griny-template3/onepage/images/nb1.jpg'
2015-07-14 15:25:12: Copy Over 's3://s3.amazonaws.com/www.noesblanches.com/images/nb_24h.jpg' -> '/Users/paul/Dropbox/PaulStuff/griny-template3/onepage/images/nb_24h.jpg'
2015-07-14 15:25:12: Copy Over 's3://s3.amazonaws.com/www.noesblanches.com/images/nb_24hbath.jpg' -> '/Users/paul/Dropbox/PaulStuff/griny-template3/onepage/images/nb_24hbath.jpg'
2015-07-14 15:25:12: Copy Over 's3://s3.amazonaws.com/www.noesblanches.com/images/nb_24hbaths.jpg' -> '/Users/paul/Dropbox/PaulStuff/griny-template3/onepage/images/nb_24hbaths.jpg'
2015-07-14 15:25:12: Copy Over 's3://s3.amazonaws.com/www.noesblanches.com/images/nb_24hs.jpg' -> '/Users/paul/Dropbox/PaulStuff/griny-template3/onepage/images/nb_24hs.jpg'
2015-07-14 15:25:13: Copy Over 's3://s3.amazonaws.com/www.noesblanches.com/images/nb_blanchebath.jpg' -> '/Users/paul/Dropbox/PaulStuff/griny-template3/onepage/images/nb_blanchebath.jpg'
2015-07-14 15:25:13: Copy Over 's3://s3.amazonaws.com/www.noesblanches.com/images/nb_blanchebath2.jpg' -> '/Users/paul/Dropbox/PaulStuff/griny-template3/onepage/images/nb_blanchebath2.jpg'
2015-07-14 15:25:14: Copy Over 's3://s3.amazonaws.com/www.noesblanches.com/images/nb_blanchebath2s.jpg' -> '/Users/paul/Dropbox/PaulStuff/griny-template3/onepage/images/nb_blanchebath2s.jpg'
2015-07-14 15:25:14: Copy Over 's3://s3.amazonaws.com/www.noesblanches.com/images/nb_blanchebaths.jpg' -> '/Users/paul/Dropbox/PaulStuff/griny-template3/onepage/images/nb_blanchebaths.jpg'
2015-07-14 15:25:14: Copy Over 's3://s3.amazonaws.com/www.noesblanches.com/images/nb_blanchereverse.jpg' -> '/Users/paul/Dropbox/PaulStuff/griny-template3/onepage/images/nb_blanchereverse.jpg'
2015-07-14 15:25:14: Copy Over 's3://s3.amazonaws.com/www.noesblanches.com/images/nb_blanchereverses.jpg' -> '/Users/paul/Dropbox/PaulStuff/griny-template3/onepage/images/nb_blanchereverses.jpg'
2015-07-14 15:25:16: Copy Over 's3://s3.amazonaws.com/www.noesblanches.com/images/nb_boudoir.jpg' -> '/Users/paul/Dropbox/PaulStuff/griny-template3/onepage/images/nb_boudoir.jpg'
2015-07-14 15:25:16: Copy Over 's3://s3.amazonaws.com/www.noesblanches.com/images/nb_boudoirs.jpg' -> '/Users/paul/Dropbox/PaulStuff/griny-template3/onepage/images/nb_boudoirs.jpg'
2015-07-14 15:25:17: Copy Over 's3://s3.amazonaws.com/www.noesblanches.com/images/nb_caterer.jpg' -> '/Users/paul/Dropbox/PaulStuff/griny-template3/onepage/images/nb_caterer.jpg'
2015-07-14 15:25:18: Copy Over 's3://s3.amazonaws.com/www.noesblanches.com/images/nb_caterers.jpg' -> '/Users/paul/Dropbox/PaulStuff/griny-template3/onepage/images/nb_caterers.jpg'
2015-07-14 15:25:18: Copy Over 's3://s3.amazonaws.com/www.noesblanches.com/images/nb_chairview.jpg' -> '/Users/paul/Dropbox/PaulStuff/griny-template3/onepage/images/nb_chairview.jpg'
2015-07-14 15:25:18: Copy Over 's3://s3.amazonaws.com/www.noesblanches.com/images/nb_chairviews.jpg' -> '/Users/paul/Dropbox/PaulStuff/griny-template3/onepage/images/nb_chairviews.jpg'
2015-07-14 15:25:18: Copy Over 's3://s3.amazonaws.com/www.noesblanches.com/images/nb_champagne.jpg' -> '/Users/paul/Dropbox/PaulStuff/griny-template3/onepage/images/nb_champagne.jpg'
2015-07-14 15:25:19: Copy Over 's3://s3.amazonaws.com/www.noesblanches.com/images/nb_chef.jpg' -> '/Users/paul/Dropbox/PaulStuff/griny-template3/onepage/images/nb_chef.jpg'
2015-07-14 15:25:20: Copy Over 's3://s3.amazonaws.com/www.noesblanches.com/images/nb_chef.png' -> '/Users/paul/Dropbox/PaulStuff/griny-template3/onepage/images/nb_chef.png'
2015-07-14 15:25:21: Copy Over 's3://s3.amazonaws.com/www.noesblanches.com/images/nb_colonial.jpg' -> '/Users/paul/Dropbox/PaulStuff/griny-template3/onepage/images/nb_colonial.jpg'
2015-07-14 15:25:21: Copy Over 's3://s3.amazonaws.com/www.noesblanches.com/images/nb_colonials.jpg' -> '/Users/paul/Dropbox/PaulStuff/griny-template3/onepage/images/nb_colonials.jpg'
2015-07-14 15:25:21: Copy Over 's3://s3.amazonaws.com/www.noesblanches.com/images/nb_corsaire.jpg' -> '/Users/paul/Dropbox/PaulStuff/griny-template3/onepage/images/nb_corsaire.jpg'
2015-07-14 15:25:23: Copy Over 's3://s3.amazonaws.com/www.noesblanches.com/images/nb_corsaire2.jpg' -> '/Users/paul/Dropbox/PaulStuff/griny-template3/onepage/images/nb_corsaire2.jpg'
2015-07-14 15:25:23: Copy Over 's3://s3.amazonaws.com/www.noesblanches.com/images/nb_corsaire2s.jpg' -> '/Users/paul/Dropbox/PaulStuff/griny-template3/onepage/images/nb_corsaire2s.jpg'
2015-07-14 15:25:24: Copy Over 's3://s3.amazonaws.com/www.noesblanches.com/images/nb_corsaires.jpg' -> '/Users/paul/Dropbox/PaulStuff/griny-template3/onepage/images/nb_corsaires.jpg'
2015-07-14 15:25:24: Copy Over 's3://s3.amazonaws.com/www.noesblanches.com/images/nb_event_organiser.jpg' -> '/Users/paul/Dropbox/PaulStuff/griny-template3/onepage/images/nb_event_organiser.jpg'
2015-07-14 15:25:25: Copy Over 's3://s3.amazonaws.com/www.noesblanches.com/images/nb_floor.jpg' -> '/Users/paul/Dropbox/PaulStuff/griny-template3/onepage/images/nb_floor.jpg'
2015-07-14 15:25:25: Copy Over 's3://s3.amazonaws.com/www.noesblanches.com/images/nb_floors.jpg' -> '/Users/paul/Dropbox/PaulStuff/griny-template3/onepage/images/nb_floors.jpg'
2015-07-14 15:25:26: Copy Over 's3://s3.amazonaws.com/www.noesblanches.com/images/nb_flower.jpg' -> '/Users/paul/Dropbox/PaulStuff/griny-template3/onepage/images/nb_flower.jpg'
2015-07-14 15:25:30: Copy Over 's3://s3.amazonaws.com/www.noesblanches.com/images/nb_fountain.jpg' -> '/Users/paul/Dropbox/PaulStuff/griny-template3/onepage/images/nb_fountain.jpg'
2015-07-14 15:25:30: Copy Over 's3://s3.amazonaws.com/www.noesblanches.com/images/nb_fountains.jpg' -> '/Users/paul/Dropbox/PaulStuff/griny-template3/onepage/images/nb_fountains.jpg'
2015-07-14 15:25:30: Copy Over 's3://s3.amazonaws.com/www.noesblanches.com/images/nb_g1.jpg' -> '/Users/paul/Dropbox/PaulStuff/griny-template3/onepage/images/nb_g1.jpg'
2015-07-14 15:25:31: Copy Over 's3://s3.amazonaws.com/www.noesblanches.com/images/nb_g10.jpg' -> '/Users/paul/Dropbox/PaulStuff/griny-template3/onepage/images/nb_g10.jpg'
2015-07-14 15:25:31: Copy Over 's3://s3.amazonaws.com/www.noesblanches.com/images/nb_g10s.jpg' -> '/Users/paul/Dropbox/PaulStuff/griny-template3/onepage/images/nb_g10s.jpg'
2015-07-14 15:25:32: Copy Over 's3://s3.amazonaws.com/www.noesblanches.com/images/nb_g11.jpg' -> '/Users/paul/Dropbox/PaulStuff/griny-template3/onepage/images/nb_g11.jpg'
2015-07-14 15:25:32: Copy Over 's3://s3.amazonaws.com/www.noesblanches.com/images/nb_g11s.jpg' -> '/Users/paul/Dropbox/PaulStuff/griny-template3/onepage/images/nb_g11s.jpg'
2015-07-14 15:25:33: Copy Over 's3://s3.amazonaws.com/www.noesblanches.com/images/nb_g12.jpg' -> '/Users/paul/Dropbox/PaulStuff/griny-template3/onepage/images/nb_g12.jpg'
2015-07-14 15:25:33: Copy Over 's3://s3.amazonaws.com/www.noesblanches.com/images/nb_g12s.jpg' -> '/Users/paul/Dropbox/PaulStuff/griny-template3/onepage/images/nb_g12s.jpg'
2015-07-14 15:25:34: Copy Over 's3://s3.amazonaws.com/www.noesblanches.com/images/nb_g13.jpg' -> '/Users/paul/Dropbox/PaulStuff/griny-template3/onepage/images/nb_g13.jpg'
2015-07-14 15:25:35: Copy Over 's3://s3.amazonaws.com/www.noesblanches.com/images/nb_g13s.jpg' -> '/Users/paul/Dropbox/PaulStuff/griny-template3/onepage/images/nb_g13s.jpg'
2015-07-14 15:25:35: Copy Over 's3://s3.amazonaws.com/www.noesblanches.com/images/nb_g14.jpg' -> '/Users/paul/Dropbox/PaulStuff/griny-template3/onepage/images/nb_g14.jpg'
2015-07-14 15:25:35: Copy Over 's3://s3.amazonaws.com/www.noesblanches.com/images/nb_g14s.jpg' -> '/Users/paul/Dropbox/PaulStuff/griny-template3/onepage/images/nb_g14s.jpg'
2015-07-14 15:25:36: Copy Over 's3://s3.amazonaws.com/www.noesblanches.com/images/nb_g1s.jpg' -> '/Users/paul/Dropbox/PaulStuff/griny-template3/onepage/images/nb_g1s.jpg'
2015-07-14 15:25:36: Copy Over 's3://s3.amazonaws.com/www.noesblanches.com/images/nb_g2.jpg' -> '/Users/paul/Dropbox/PaulStuff/griny-template3/onepage/images/nb_g2.jpg'
2015-07-14 15:25:36: Copy Over 's3://s3.amazonaws.com/www.noesblanches.com/images/nb_g2s.jpg' -> '/Users/paul/Dropbox/PaulStuff/griny-template3/onepage/images/nb_g2s.jpg'
2015-07-14 15:25:37: Copy Over 's3://s3.amazonaws.com/www.noesblanches.com/images/nb_g3.jpg' -> '/Users/paul/Dropbox/PaulStuff/griny-template3/onepage/images/nb_g3.jpg'
2015-07-14 15:25:37: Copy Over 's3://s3.amazonaws.com/www.noesblanches.com/images/nb_g3s.jpg' -> '/Users/paul/Dropbox/PaulStuff/griny-template3/onepage/images/nb_g3s.jpg'
2015-07-14 15:25:38: Copy Over 's3://s3.amazonaws.com/www.noesblanches.com/images/nb_g4.jpg' -> '/Users/paul/Dropbox/PaulStuff/griny-template3/onepage/images/nb_g4.jpg'
2015-07-14 15:25:38: Copy Over 's3://s3.amazonaws.com/www.noesblanches.com/images/nb_g4s.jpg' -> '/Users/paul/Dropbox/PaulStuff/griny-template3/onepage/images/nb_g4s.jpg'
2015-07-14 15:25:39: Copy Over 's3://s3.amazonaws.com/www.noesblanches.com/images/nb_g5.jpg' -> '/Users/paul/Dropbox/PaulStuff/griny-template3/onepage/images/nb_g5.jpg'
2015-07-14 15:25:39: Copy Over 's3://s3.amazonaws.com/www.noesblanches.com/images/nb_g5s.jpg' -> '/Users/paul/Dropbox/PaulStuff/griny-template3/onepage/images/nb_g5s.jpg'
2015-07-14 15:25:40: Copy Over 's3://s3.amazonaws.com/www.noesblanches.com/images/nb_g6.jpg' -> '/Users/paul/Dropbox/PaulStuff/griny-template3/onepage/images/nb_g6.jpg'
2015-07-14 15:25:40: Copy Over 's3://s3.amazonaws.com/www.noesblanches.com/images/nb_g6s.jpg' -> '/Users/paul/Dropbox/PaulStuff/griny-template3/onepage/images/nb_g6s.jpg'
2015-07-14 15:25:41: Copy Over 's3://s3.amazonaws.com/www.noesblanches.com/images/nb_g7.jpg' -> '/Users/paul/Dropbox/PaulStuff/griny-template3/onepage/images/nb_g7.jpg'
2015-07-14 15:25:42: Copy Over 's3://s3.amazonaws.com/www.noesblanches.com/images/nb_g7s.jpg' -> '/Users/paul/Dropbox/PaulStuff/griny-template3/onepage/images/nb_g7s.jpg'
2015-07-14 15:25:42: Copy Over 's3://s3.amazonaws.com/www.noesblanches.com/images/nb_g8.jpg' -> '/Users/paul/Dropbox/PaulStuff/griny-template3/onepage/images/nb_g8.jpg'
2015-07-14 15:25:43: Copy Over 's3://s3.amazonaws.com/www.noesblanches.com/images/nb_g8s.jpg' -> '/Users/paul/Dropbox/PaulStuff/griny-template3/onepage/images/nb_g8s.jpg'
2015-07-14 15:25:43: Copy Over 's3://s3.amazonaws.com/www.noesblanches.com/images/nb_g9.jpg' -> '/Users/paul/Dropbox/PaulStuff/griny-template3/onepage/images/nb_g9.jpg'
2015-07-14 15:25:43: Copy Over 's3://s3.amazonaws.com/www.noesblanches.com/images/nb_g9s.jpg' -> '/Users/paul/Dropbox/PaulStuff/griny-template3/onepage/images/nb_g9s.jpg'
2015-07-14 15:25:44: Copy Over 's3://s3.amazonaws.com/www.noesblanches.com/images/nb_garden.jpg' -> '/Users/paul/Dropbox/PaulStuff/griny-template3/onepage/images/nb_garden.jpg'
2015-07-14 15:25:44: Copy Over 's3://s3.amazonaws.com/www.noesblanches.com/images/nb_gardens.jpg' -> '/Users/paul/Dropbox/PaulStuff/griny-template3/onepage/images/nb_gardens.jpg'
2015-07-14 15:25:44: Copy Over 's3://s3.amazonaws.com/www.noesblanches.com/images/nb_gettingready.jpg' -> '/Users/paul/Dropbox/PaulStuff/griny-template3/onepage/images/nb_gettingready.jpg'
2015-07-14 15:25:44: Copy Over 's3://s3.amazonaws.com/www.noesblanches.com/images/nb_glass.jpg' -> '/Users/paul/Dropbox/PaulStuff/griny-template3/onepage/images/nb_glass.jpg'
2015-07-14 15:25:44: Copy Over 's3://s3.amazonaws.com/www.noesblanches.com/images/nb_green.jpg' -> '/Users/paul/Dropbox/PaulStuff/griny-template3/onepage/images/nb_green.jpg'
2015-07-14 15:25:45: Copy Over 's3://s3.amazonaws.com/www.noesblanches.com/images/nb_greens.jpg' -> '/Users/paul/Dropbox/PaulStuff/griny-template3/onepage/images/nb_greens.jpg'
2015-07-14 15:25:45: Copy Over 's3://s3.amazonaws.com/www.noesblanches.com/images/nb_h1.jpg' -> '/Users/paul/Dropbox/PaulStuff/griny-template3/onepage/images/nb_h1.jpg'
2015-07-14 15:25:45: Copy Over 's3://s3.amazonaws.com/www.noesblanches.com/images/nb_h1s.jpg' -> '/Users/paul/Dropbox/PaulStuff/griny-template3/onepage/images/nb_h1s.jpg'
2015-07-14 15:25:47: Copy Over 's3://s3.amazonaws.com/www.noesblanches.com/images/nb_h2.jpg' -> '/Users/paul/Dropbox/PaulStuff/griny-template3/onepage/images/nb_h2.jpg'
2015-07-14 15:25:47: Copy Over 's3://s3.amazonaws.com/www.noesblanches.com/images/nb_h2s.jpg' -> '/Users/paul/Dropbox/PaulStuff/griny-template3/onepage/images/nb_h2s.jpg'
2015-07-14 15:25:48: Copy Over 's3://s3.amazonaws.com/www.noesblanches.com/images/nb_h3.jpg' -> '/Users/paul/Dropbox/PaulStuff/griny-template3/onepage/images/nb_h3.jpg'
2015-07-14 15:25:50: Copy Over 's3://s3.amazonaws.com/www.noesblanches.com/images/nb_h3s.jpg' -> '/Users/paul/Dropbox/PaulStuff/griny-template3/onepage/images/nb_h3s.jpg'
2015-07-14 15:25:52: Copy Over 's3://s3.amazonaws.com/www.noesblanches.com/images/nb_h4.jpg' -> '/Users/paul/Dropbox/PaulStuff/griny-template3/onepage/images/nb_h4.jpg'
2015-07-14 15:25:54: Copy Over 's3://s3.amazonaws.com/www.noesblanches.com/images/nb_h4s.jpg' -> '/Users/paul/Dropbox/PaulStuff/griny-template3/onepage/images/nb_h4s.jpg'
2015-07-14 15:25:54: Copy Over 's3://s3.amazonaws.com/www.noesblanches.com/images/nb_h5.jpg' -> '/Users/paul/Dropbox/PaulStuff/griny-template3/onepage/images/nb_h5.jpg'
2015-07-14 15:25:55: Copy Over 's3://s3.amazonaws.com/www.noesblanches.com/images/nb_h5b.jpg' -> '/Users/paul/Dropbox/PaulStuff/griny-template3/onepage/images/nb_h5b.jpg'
2015-07-14 15:25:55: Copy Over 's3://s3.amazonaws.com/www.noesblanches.com/images/nb_h5bs.jpg' -> '/Users/paul/Dropbox/PaulStuff/griny-template3/onepage/images/nb_h5bs.jpg'
2015-07-14 15:25:56: Copy Over 's3://s3.amazonaws.com/www.noesblanches.com/images/nb_h5bsx.jpg' -> '/Users/paul/Dropbox/PaulStuff/griny-template3/onepage/images/nb_h5bsx.jpg'
2015-07-14 15:25:56: Copy Over 's3://s3.amazonaws.com/www.noesblanches.com/images/nb_h5bx.jpg' -> '/Users/paul/Dropbox/PaulStuff/griny-template3/onepage/images/nb_h5bx.jpg'
2015-07-14 15:25:56: Copy Over 's3://s3.amazonaws.com/www.noesblanches.com/images/nb_h5s.jpg' -> '/Users/paul/Dropbox/PaulStuff/griny-template3/onepage/images/nb_h5s.jpg'
2015-07-14 15:25:57: Copy Over 's3://s3.amazonaws.com/www.noesblanches.com/images/nb_h6.jpg' -> '/Users/paul/Dropbox/PaulStuff/griny-template3/onepage/images/nb_h6.jpg'
2015-07-14 15:25:57: Copy Over 's3://s3.amazonaws.com/www.noesblanches.com/images/nb_h6s.jpg' -> '/Users/paul/Dropbox/PaulStuff/griny-template3/onepage/images/nb_h6s.jpg'
2015-07-14 15:25:57: Copy Over 's3://s3.amazonaws.com/www.noesblanches.com/images/nb_h7.jpg' -> '/Users/paul/Dropbox/PaulStuff/griny-template3/onepage/images/nb_h7.jpg'
2015-07-14 15:25:57: Copy Over 's3://s3.amazonaws.com/www.noesblanches.com/images/nb_h7s.jpg' -> '/Users/paul/Dropbox/PaulStuff/griny-template3/onepage/images/nb_h7s.jpg'
2015-07-14 15:25:58: Copy Over 's3://s3.amazonaws.com/www.noesblanches.com/images/nb_h8.jpg' -> '/Users/paul/Dropbox/PaulStuff/griny-template3/onepage/images/nb_h8.jpg'
2015-07-14 15:26:01: Copy Over 's3://s3.amazonaws.com/www.noesblanches.com/images/nb_h8s.jpg' -> '/Users/paul/Dropbox/PaulStuff/griny-template3/onepage/images/nb_h8s.jpg'
2015-07-14 15:26:01: Copy Over 's3://s3.amazonaws.com/www.noesblanches.com/images/nb_h9.jpg' -> '/Users/paul/Dropbox/PaulStuff/griny-template3/onepage/images/nb_h9.jpg'
2015-07-14 15:26:02: Copy Over 's3://s3.amazonaws.com/www.noesblanches.com/images/nb_h9s.jpg' -> '/Users/paul/Dropbox/PaulStuff/griny-template3/onepage/images/nb_h9s.jpg'
2015-07-14 15:26:02: Copy Over 's3://s3.amazonaws.com/www.noesblanches.com/images/nb_helicopter.jpg' -> '/Users/paul/Dropbox/PaulStuff/griny-template3/onepage/images/nb_helicopter.jpg'
2015-07-14 15:26:02: Copy Over 's3://s3.amazonaws.com/www.noesblanches.com/images/nb_hotel.jpg' -> '/Users/paul/Dropbox/PaulStuff/griny-template3/onepage/images/nb_hotel.jpg'
2015-07-14 15:26:02: Copy Over 's3://s3.amazonaws.com/www.noesblanches.com/images/nb_hotels.jpg' -> '/Users/paul/Dropbox/PaulStuff/griny-template3/onepage/images/nb_hotels.jpg'
2015-07-14 15:26:03: Copy Over 's3://s3.amazonaws.com/www.noesblanches.com/images/nb_house.jpg' -> '/Users/paul/Dropbox/PaulStuff/griny-template3/onepage/images/nb_house.jpg'
2015-07-14 15:26:06: Copy Over 's3://s3.amazonaws.com/www.noesblanches.com/images/nb_kitchen.jpg' -> '/Users/paul/Dropbox/PaulStuff/griny-template3/onepage/images/nb_kitchen.jpg'
2015-07-14 15:26:06: Copy Over 's3://s3.amazonaws.com/www.noesblanches.com/images/nb_kitchen1.jpg' -> '/Users/paul/Dropbox/PaulStuff/griny-template3/onepage/images/nb_kitchen1.jpg'
2015-07-14 15:26:07: Copy Over 's3://s3.amazonaws.com/www.noesblanches.com/images/nb_kitchen1s.jpg' -> '/Users/paul/Dropbox/PaulStuff/griny-template3/onepage/images/nb_kitchen1s.jpg'
2015-07-14 15:26:07: Copy Over 's3://s3.amazonaws.com/www.noesblanches.com/images/nb_kitchens.jpg' -> '/Users/paul/Dropbox/PaulStuff/griny-template3/onepage/images/nb_kitchens.jpg'
2015-07-14 15:26:07: Copy Over 's3://s3.amazonaws.com/www.noesblanches.com/images/nb_lemans.jpg' -> '/Users/paul/Dropbox/PaulStuff/griny-template3/onepage/images/nb_lemans.jpg'
2015-07-14 15:26:08: Copy Over 's3://s3.amazonaws.com/www.noesblanches.com/images/nb_linens.jpg' -> '/Users/paul/Dropbox/PaulStuff/griny-template3/onepage/images/nb_linens.jpg'
2015-07-14 15:26:08: Copy Over 's3://s3.amazonaws.com/www.noesblanches.com/images/nb_map.jpg' -> '/Users/paul/Dropbox/PaulStuff/griny-template3/onepage/images/nb_map.jpg'
2015-07-14 15:26:09: Copy Over 's3://s3.amazonaws.com/www.noesblanches.com/images/nb_marocbath.jpg' -> '/Users/paul/Dropbox/PaulStuff/griny-template3/onepage/images/nb_marocbath.jpg'
2015-07-14 15:26:10: Copy Over 's3://s3.amazonaws.com/www.noesblanches.com/images/nb_marocbaths.jpg' -> '/Users/paul/Dropbox/PaulStuff/griny-template3/onepage/images/nb_marocbaths.jpg'
2015-07-14 15:26:11: Copy Over 's3://s3.amazonaws.com/www.noesblanches.com/images/nb_moroccain.jpg' -> '/Users/paul/Dropbox/PaulStuff/griny-template3/onepage/images/nb_moroccain.jpg'
2015-07-14 15:26:11: Copy Over 's3://s3.amazonaws.com/www.noesblanches.com/images/nb_moroccains.jpg' -> '/Users/paul/Dropbox/PaulStuff/griny-template3/onepage/images/nb_moroccains.jpg'
2015-07-14 15:26:11: Copy Over 's3://s3.amazonaws.com/www.noesblanches.com/images/nb_outview.jpg' -> '/Users/paul/Dropbox/PaulStuff/griny-template3/onepage/images/nb_outview.jpg'
2015-07-14 15:26:11: Copy Over 's3://s3.amazonaws.com/www.noesblanches.com/images/nb_outviews.jpg' -> '/Users/paul/Dropbox/PaulStuff/griny-template3/onepage/images/nb_outviews.jpg'
2015-07-14 15:26:12: Copy Over 's3://s3.amazonaws.com/www.noesblanches.com/images/nb_pagoda.jpg' -> '/Users/paul/Dropbox/PaulStuff/griny-template3/onepage/images/nb_pagoda.jpg'
2015-07-14 15:26:12: Copy Over 's3://s3.amazonaws.com/www.noesblanches.com/images/nb_pagodas.jpg' -> '/Users/paul/Dropbox/PaulStuff/griny-template3/onepage/images/nb_pagodas.jpg'
2015-07-14 15:26:14: Copy Over 's3://s3.amazonaws.com/www.noesblanches.com/images/nb_parquet.jpg' -> '/Users/paul/Dropbox/PaulStuff/griny-template3/onepage/images/nb_parquet.jpg'
2015-07-14 15:26:14: Copy Over 's3://s3.amazonaws.com/www.noesblanches.com/images/nb_piano.jpg' -> '/Users/paul/Dropbox/PaulStuff/griny-template3/onepage/images/nb_piano.jpg'
2015-07-14 15:26:14: Copy Over 's3://s3.amazonaws.com/www.noesblanches.com/images/nb_pianos.jpg' -> '/Users/paul/Dropbox/PaulStuff/griny-template3/onepage/images/nb_pianos.jpg'
2015-07-14 15:26:15: Copy Over 's3://s3.amazonaws.com/www.noesblanches.com/images/nb_picnic.jpg' -> '/Users/paul/Dropbox/PaulStuff/griny-template3/onepage/images/nb_picnic.jpg'
2015-07-14 15:26:15: Copy Over 's3://s3.amazonaws.com/www.noesblanches.com/images/nb_picnics.jpg' -> '/Users/paul/Dropbox/PaulStuff/griny-template3/onepage/images/nb_picnics.jpg'
2015-07-14 15:26:16: Copy Over 's3://s3.amazonaws.com/www.noesblanches.com/images/nb_sonos.jpg' -> '/Users/paul/Dropbox/PaulStuff/griny-template3/onepage/images/nb_sonos.jpg'
2015-07-14 15:26:16: Copy Over 's3://s3.amazonaws.com/www.noesblanches.com/images/nb_sonoss.jpg' -> '/Users/paul/Dropbox/PaulStuff/griny-template3/onepage/images/nb_sonoss.jpg'
2015-07-14 15:26:18: Copy Over 's3://s3.amazonaws.com/www.noesblanches.com/images/nb_stairs1.jpg' -> '/Users/paul/Dropbox/PaulStuff/griny-template3/onepage/images/nb_stairs1.jpg'
2015-07-14 15:26:18: Copy Over 's3://s3.amazonaws.com/www.noesblanches.com/images/nb_stairs1s.jpg' -> '/Users/paul/Dropbox/PaulStuff/griny-template3/onepage/images/nb_stairs1s.jpg'
2015-07-14 15:26:19: Copy Over 's3://s3.amazonaws.com/www.noesblanches.com/images/nb_stairs2.jpg' -> '/Users/paul/Dropbox/PaulStuff/griny-template3/onepage/images/nb_stairs2.jpg'
2015-07-14 15:26:19: Copy Over 's3://s3.amazonaws.com/www.noesblanches.com/images/nb_stairs2s.jpg' -> '/Users/paul/Dropbox/PaulStuff/griny-template3/onepage/images/nb_stairs2s.jpg'
2015-07-14 15:26:19: Copy Over 's3://s3.amazonaws.com/www.noesblanches.com/images/nb_stairs3.jpg' -> '/Users/paul/Dropbox/PaulStuff/griny-template3/onepage/images/nb_stairs3.jpg'
2015-07-14 15:26:19: Copy Over 's3://s3.amazonaws.com/www.noesblanches.com/images/nb_stairs3s.jpg' -> '/Users/paul/Dropbox/PaulStuff/griny-template3/onepage/images/nb_stairs3s.jpg'
2015-07-14 15:26:20: Copy Over 's3://s3.amazonaws.com/www.noesblanches.com/images/nb_table.jpg' -> '/Users/paul/Dropbox/PaulStuff/griny-template3/onepage/images/nb_table.jpg'
2015-07-14 15:26:20: Copy Over 's3://s3.amazonaws.com/www.noesblanches.com/images/nb_tables.jpg' -> '/Users/paul/Dropbox/PaulStuff/griny-template3/onepage/images/nb_tables.jpg'
2015-07-14 15:26:21: Copy Over 's3://s3.amazonaws.com/www.noesblanches.com/images/nb_tent.jpg' -> '/Users/paul/Dropbox/PaulStuff/griny-template3/onepage/images/nb_tent.jpg'
2015-07-14 15:26:23: Copy Over 's3://s3.amazonaws.com/www.noesblanches.com/images/nb_tentroof.jpg' -> '/Users/paul/Dropbox/PaulStuff/griny-template3/onepage/images/nb_tentroof.jpg'
2015-07-14 15:26:24: Copy Over 's3://s3.amazonaws.com/www.noesblanches.com/images/nb_tentroofs.jpg' -> '/Users/paul/Dropbox/PaulStuff/griny-template3/onepage/images/nb_tentroofs.jpg'
2015-07-14 15:26:24: Copy Over 's3://s3.amazonaws.com/www.noesblanches.com/images/nb_tick.jpg' -> '/Users/paul/Dropbox/PaulStuff/griny-template3/onepage/images/nb_tick.jpg'
2015-07-14 15:26:26: Copy Over 's3://s3.amazonaws.com/www.noesblanches.com/images/nb_tick.png' -> '/Users/paul/Dropbox/PaulStuff/griny-template3/onepage/images/nb_tick.png'
2015-07-14 15:26:27: Copy Over 's3://s3.amazonaws.com/www.noesblanches.com/images/nb_topbath.jpg' -> '/Users/paul/Dropbox/PaulStuff/griny-template3/onepage/images/nb_topbath.jpg'
2015-07-14 15:26:27: Copy Over 's3://s3.amazonaws.com/www.noesblanches.com/images/nb_topbaths.jpg' -> '/Users/paul/Dropbox/PaulStuff/griny-template3/onepage/images/nb_topbaths.jpg'
2015-07-14 15:26:28: Copy Over 's3://s3.amazonaws.com/www.noesblanches.com/images/nb_w1.jpg' -> '/Users/paul/Dropbox/PaulStuff/griny-template3/onepage/images/nb_w1.jpg'
2015-07-14 15:26:28: Copy Over 's3://s3.amazonaws.com/www.noesblanches.com/images/nb_w1s.jpg' -> '/Users/paul/Dropbox/PaulStuff/griny-template3/onepage/images/nb_w1s.jpg'
2015-07-14 15:26:29: Copy Over 's3://s3.amazonaws.com/www.noesblanches.com/images/nb_w2.jpg' -> '/Users/paul/Dropbox/PaulStuff/griny-template3/onepage/images/nb_w2.jpg'
2015-07-14 15:26:29: Copy Over 's3://s3.amazonaws.com/www.noesblanches.com/images/nb_w2s.jpg' -> '/Users/paul/Dropbox/PaulStuff/griny-template3/onepage/images/nb_w2s.jpg'
2015-07-14 15:26:29: Copy Over 's3://s3.amazonaws.com/www.noesblanches.com/images/nb_w3.jpg' -> '/Users/paul/Dropbox/PaulStuff/griny-template3/onepage/images/nb_w3.jpg'
2015-07-14 15:26:30: Copy Over 's3://s3.amazonaws.com/www.noesblanches.com/images/nb_w3s.jpg' -> '/Users/paul/Dropbox/PaulStuff/griny-template3/onepage/images/nb_w3s.jpg'
2015-07-14 15:26:30: Copy Over 's3://s3.amazonaws.com/www.noesblanches.com/images/nb_wedding1.jpg' -> '/Users/paul/Dropbox/PaulStuff/griny-template3/onepage/images/nb_wedding1.jpg'
2015-07-14 15:26:31: Copy Over 's3://s3.amazonaws.com/www.noesblanches.com/images/nb_wedding10.jpg' -> '/Users/paul/Dropbox/PaulStuff/griny-template3/onepage/images/nb_wedding10.jpg'
2015-07-14 15:26:32: Copy Over 's3://s3.amazonaws.com/www.noesblanches.com/images/nb_wedding10s.jpg' -> '/Users/paul/Dropbox/PaulStuff/griny-template3/onepage/images/nb_wedding10s.jpg'
2015-07-14 15:26:34: Copy Over 's3://s3.amazonaws.com/www.noesblanches.com/images/nb_wedding11.jpg' -> '/Users/paul/Dropbox/PaulStuff/griny-template3/onepage/images/nb_wedding11.jpg'
2015-07-14 15:26:34: Copy Over 's3://s3.amazonaws.com/www.noesblanches.com/images/nb_wedding11s.jpg' -> '/Users/paul/Dropbox/PaulStuff/griny-template3/onepage/images/nb_wedding11s.jpg'
2015-07-14 15:26:35: Copy Over 's3://s3.amazonaws.com/www.noesblanches.com/images/nb_wedding12.jpg' -> '/Users/paul/Dropbox/PaulStuff/griny-template3/onepage/images/nb_wedding12.jpg'
2015-07-14 15:26:37: Copy Over 's3://s3.amazonaws.com/www.noesblanches.com/images/nb_wedding12s.jpg' -> '/Users/paul/Dropbox/PaulStuff/griny-template3/onepage/images/nb_wedding12s.jpg'
2015-07-14 15:26:37: Copy Over 's3://s3.amazonaws.com/www.noesblanches.com/images/nb_wedding14.jpg' -> '/Users/paul/Dropbox/PaulStuff/griny-template3/onepage/images/nb_wedding14.jpg'
2015-07-14 15:26:37: Copy Over 's3://s3.amazonaws.com/www.noesblanches.com/images/nb_wedding14s.jpg' -> '/Users/paul/Dropbox/PaulStuff/griny-template3/onepage/images/nb_wedding14s.jpg'
2015-07-14 15:26:37: Copy Over 's3://s3.amazonaws.com/www.noesblanches.com/images/nb_wedding1s.jpg' -> '/Users/paul/Dropbox/PaulStuff/griny-template3/onepage/images/nb_wedding1s.jpg'
2015-07-14 15:26:38: Copy Over 's3://s3.amazonaws.com/www.noesblanches.com/images/nb_wedding2.jpg' -> '/Users/paul/Dropbox/PaulStuff/griny-template3/onepage/images/nb_wedding2.jpg'
2015-07-14 15:26:40: Copy Over 's3://s3.amazonaws.com/www.noesblanches.com/images/nb_wedding2s.jpg' -> '/Users/paul/Dropbox/PaulStuff/griny-template3/onepage/images/nb_wedding2s.jpg'
2015-07-14 15:26:40: Copy Over 's3://s3.amazonaws.com/www.noesblanches.com/images/nb_wedding3.jpg' -> '/Users/paul/Dropbox/PaulStuff/griny-template3/onepage/images/nb_wedding3.jpg'
2015-07-14 15:26:41: Copy Over 's3://s3.amazonaws.com/www.noesblanches.com/images/nb_wedding3s.jpg' -> '/Users/paul/Dropbox/PaulStuff/griny-template3/onepage/images/nb_wedding3s.jpg'
2015-07-14 15:26:41: Copy Over 's3://s3.amazonaws.com/www.noesblanches.com/images/nb_wedding4.jpg' -> '/Users/paul/Dropbox/PaulStuff/griny-template3/onepage/images/nb_wedding4.jpg'
2015-07-14 15:26:43: Copy Over 's3://s3.amazonaws.com/www.noesblanches.com/images/nb_wedding4s.jpg' -> '/Users/paul/Dropbox/PaulStuff/griny-template3/onepage/images/nb_wedding4s.jpg'
2015-07-14 15:26:43: Copy Over 's3://s3.amazonaws.com/www.noesblanches.com/images/nb_wedding5.jpg' -> '/Users/paul/Dropbox/PaulStuff/griny-template3/onepage/images/nb_wedding5.jpg'
2015-07-14 15:26:43: Copy Over 's3://s3.amazonaws.com/www.noesblanches.com/images/nb_wedding5s.jpg' -> '/Users/paul/Dropbox/PaulStuff/griny-template3/onepage/images/nb_wedding5s.jpg'
2015-07-14 15:26:44: Copy Over 's3://s3.amazonaws.com/www.noesblanches.com/images/nb_wedding6.jpg' -> '/Users/paul/Dropbox/PaulStuff/griny-template3/onepage/images/nb_wedding6.jpg'
2015-07-14 15:26:44: Copy Over 's3://s3.amazonaws.com/www.noesblanches.com/images/nb_wedding6s.jpg' -> '/Users/paul/Dropbox/PaulStuff/griny-template3/onepage/images/nb_wedding6s.jpg'
2015-07-14 15:26:45: Copy Over 's3://s3.amazonaws.com/www.noesblanches.com/images/nb_wedding7.jpg' -> '/Users/paul/Dropbox/PaulStuff/griny-template3/onepage/images/nb_wedding7.jpg'
2015-07-14 15:26:46: Copy Over 's3://s3.amazonaws.com/www.noesblanches.com/images/nb_wedding7s.jpg' -> '/Users/paul/Dropbox/PaulStuff/griny-template3/onepage/images/nb_wedding7s.jpg'
2015-07-14 15:26:46: Copy Over 's3://s3.amazonaws.com/www.noesblanches.com/images/nb_wedding8.jpg' -> '/Users/paul/Dropbox/PaulStuff/griny-template3/onepage/images/nb_wedding8.jpg'
2015-07-14 15:26:47: Copy Over 's3://s3.amazonaws.com/www.noesblanches.com/images/nb_wedding8s.jpg' -> '/Users/paul/Dropbox/PaulStuff/griny-template3/onepage/images/nb_wedding8s.jpg'
2015-07-14 15:26:47: Copy Over 's3://s3.amazonaws.com/www.noesblanches.com/images/nb_wedding9.jpg' -> '/Users/paul/Dropbox/PaulStuff/griny-template3/onepage/images/nb_wedding9.jpg'
2015-07-14 15:26:49: Copy Over 's3://s3.amazonaws.com/www.noesblanches.com/images/nb_wedding9s.jpg' -> '/Users/paul/Dropbox/PaulStuff/griny-template3/onepage/images/nb_wedding9s.jpg'
2015-07-14 15:26:50: Copy Over 's3://s3.amazonaws.com/www.noesblanches.com/images/nb_white.jpg' -> '/Users/paul/Dropbox/PaulStuff/griny-template3/onepage/images/nb_white.jpg'
2015-07-14 15:26:50: Copy Over 's3://s3.amazonaws.com/www.noesblanches.com/images/nb_whiteb.jpg' -> '/Users/paul/Dropbox/PaulStuff/griny-template3/onepage/images/nb_whiteb.jpg'
2015-07-14 15:26:51: Copy Over 's3://s3.amazonaws.com/www.noesblanches.com/images/nb_whiteb2.jpg' -> '/Users/paul/Dropbox/PaulStuff/griny-template3/onepage/images/nb_whiteb2.jpg'
2015-07-14 15:26:51: Copy Over 's3://s3.amazonaws.com/www.noesblanches.com/images/nb_whiteb2s.jpg' -> '/Users/paul/Dropbox/PaulStuff/griny-template3/onepage/images/nb_whiteb2s.jpg'
2015-07-14 15:26:52: Copy Over 's3://s3.amazonaws.com/www.noesblanches.com/images/nb_whiteb3.jpg' -> '/Users/paul/Dropbox/PaulStuff/griny-template3/onepage/images/nb_whiteb3.jpg'
2015-07-14 15:26:52: Copy Over 's3://s3.amazonaws.com/www.noesblanches.com/images/nb_whiteb3s.jpg' -> '/Users/paul/Dropbox/PaulStuff/griny-template3/onepage/images/nb_whiteb3s.jpg'
2015-07-14 15:26:53: Copy Over 's3://s3.amazonaws.com/www.noesblanches.com/images/nb_whitebath.jpg' -> '/Users/paul/Dropbox/PaulStuff/griny-template3/onepage/images/nb_whitebath.jpg'
2015-07-14 15:26:54: Copy Over 's3://s3.amazonaws.com/www.noesblanches.com/images/nb_whitebaths.jpg' -> '/Users/paul/Dropbox/PaulStuff/griny-template3/onepage/images/nb_whitebaths.jpg'
2015-07-14 15:26:54: Copy Over 's3://s3.amazonaws.com/www.noesblanches.com/images/nb_whitebs.jpg' -> '/Users/paul/Dropbox/PaulStuff/griny-template3/onepage/images/nb_whitebs.jpg'
2015-07-14 15:26:54: Copy Over 's3://s3.amazonaws.com/www.noesblanches.com/images/nb_whites.jpg' -> '/Users/paul/Dropbox/PaulStuff/griny-template3/onepage/images/nb_whites.jpg'
2015-07-14 15:26:55: Copy Over 's3://s3.amazonaws.com/www.noesblanches.com/images/nb_windowframe.jpg' -> '/Users/paul/Dropbox/PaulStuff/griny-template3/onepage/images/nb_windowframe.jpg'
2015-07-14 15:26:55: Copy Over 's3://s3.amazonaws.com/www.noesblanches.com/images/nb_windowframes.jpg' -> '/Users/paul/Dropbox/PaulStuff/griny-template3/onepage/images/nb_windowframes.jpg'
2015-07-14 15:26:56: Copy Over 's3://s3.amazonaws.com/www.noesblanches.com/images/nb_yard.jpg' -> '/Users/paul/Dropbox/PaulStuff/griny-template3/onepage/images/nb_yard.jpg'
2015-07-14 15:26:56: Copy Over 's3://s3.amazonaws.com/www.noesblanches.com/images/nb_yards.jpg' -> '/Users/paul/Dropbox/PaulStuff/griny-template3/onepage/images/nb_yards.jpg'
2015-07-14 15:26:56: Copy Over 's3://s3.amazonaws.com/www.noesblanches.com/images/nb_yellow.jpg' -> '/Users/paul/Dropbox/PaulStuff/griny-template3/onepage/images/nb_yellow.jpg'
2015-07-14 15:26:57: Copy Over 's3://s3.amazonaws.com/www.noesblanches.com/images/nb_yellows.jpg' -> '/Users/paul/Dropbox/PaulStuff/griny-template3/onepage/images/nb_yellows.jpg'
2015-07-14 15:26:57: Copy Over 's3://s3.amazonaws.com/www.noesblanches.com/images/nbhouse1_s.jpg' -> '/Users/paul/Dropbox/PaulStuff/griny-template3/onepage/images/nbhouse1_s.jpg'
2015-07-14 15:26:58: Copy Over 's3://s3.amazonaws.com/www.noesblanches.com/images/nbhouse2_s.jpg' -> '/Users/paul/Dropbox/PaulStuff/griny-template3/onepage/images/nbhouse2_s.jpg'
2015-07-14 15:26:58: Copy Over 's3://s3.amazonaws.com/www.noesblanches.com/images/nbhouse3_s.jpg' -> '/Users/paul/Dropbox/PaulStuff/griny-template3/onepage/images/nbhouse3_s.jpg'
2015-07-14 15:26:59: Copy Over 's3://s3.amazonaws.com/www.noesblanches.com/images/nbhouse4_s.jpg' -> '/Users/paul/Dropbox/PaulStuff/griny-template3/onepage/images/nbhouse4_s.jpg'
2015-07-14 15:26:59: Copy Over 's3://s3.amazonaws.com/www.noesblanches.com/images/nbhouse5_s.jpg' -> '/Users/paul/Dropbox/PaulStuff/griny-template3/onepage/images/nbhouse5_s.jpg'
2015-07-14 15:26:59: Copy Over 's3://s3.amazonaws.com/www.noesblanches.com/images/nbhouse6_s.jpg' -> '/Users/paul/Dropbox/PaulStuff/griny-template3/onepage/images/nbhouse6_s.jpg'
2015-07-14 15:27:00: Copy Over 's3://s3.amazonaws.com/www.noesblanches.com/images/nblogo.png' -> '/Users/paul/Dropbox/PaulStuff/griny-template3/onepage/images/nblogo.png'
2015-07-14 15:27:00: Copy Over 's3://s3.amazonaws.com/www.noesblanches.com/images/nblogo_header_inverse.png' -> '/Users/paul/Dropbox/PaulStuff/griny-template3/onepage/images/nblogo_header_inverse.png'
2015-07-14 15:27:01: Copy Over 's3://s3.amazonaws.com/www.noesblanches.com/images/nblogo_inverse.acorn' -> '/Users/paul/Dropbox/PaulStuff/griny-template3/onepage/images/nblogo_inverse.acorn'
2015-07-14 15:27:01: Copy Over 's3://s3.amazonaws.com/www.noesblanches.com/images/nblogo_inverse.jpg' -> '/Users/paul/Dropbox/PaulStuff/griny-template3/onepage/images/nblogo_inverse.jpg'
2015-07-14 15:27:02: Copy Over 's3://s3.amazonaws.com/www.noesblanches.com/images/nblogo_inverse.png' -> '/Users/paul/Dropbox/PaulStuff/griny-template3/onepage/images/nblogo_inverse.png'
2015-07-14 15:27:02: Copy Over 's3://s3.amazonaws.com/www.noesblanches.com/images/nbracing_test.jpg' -> '/Users/paul/Dropbox/PaulStuff/griny-template3/onepage/images/nbracing_test.jpg'
2015-07-14 15:27:03: Copy Over 's3://s3.amazonaws.com/www.noesblanches.com/images/nbstays_test.jpg' -> '/Users/paul/Dropbox/PaulStuff/griny-template3/onepage/images/nbstays_test.jpg'
2015-07-14 15:27:03: Copy Over 's3://s3.amazonaws.com/www.noesblanches.com/images/nbwedding_1.jpg' -> '/Users/paul/Dropbox/PaulStuff/griny-template3/onepage/images/nbwedding_1.jpg'
2015-07-14 15:27:04: Copy Over 's3://s3.amazonaws.com/www.noesblanches.com/images/nbwedding_test.jpg' -> '/Users/paul/Dropbox/PaulStuff/griny-template3/onepage/images/nbwedding_test.jpg'
2015-07-14 15:27:06: Copy Over 's3://s3.amazonaws.com/www.noesblanches.com/images/parking1.jpg' -> '/Users/paul/Dropbox/PaulStuff/griny-template3/onepage/images/parking1.jpg'
2015-07-14 15:27:06: Copy Over 's3://s3.amazonaws.com/www.noesblanches.com/images/parking1s.jpg' -> '/Users/paul/Dropbox/PaulStuff/griny-template3/onepage/images/parking1s.jpg'
2015-07-14 15:27:07: Copy Over 's3://s3.amazonaws.com/www.noesblanches.com/images/pond1.jpg' -> '/Users/paul/Dropbox/PaulStuff/griny-template3/onepage/images/pond1.jpg'
2015-07-14 15:27:07: Copy Over 's3://s3.amazonaws.com/www.noesblanches.com/images/pond1s.jpg' -> '/Users/paul/Dropbox/PaulStuff/griny-template3/onepage/images/pond1s.jpg'
2015-07-14 15:27:07: Copy Over 's3://s3.amazonaws.com/www.noesblanches.com/images/pond2.jpg' -> '/Users/paul/Dropbox/PaulStuff/griny-template3/onepage/images/pond2.jpg'
2015-07-14 15:27:08: Copy Over 's3://s3.amazonaws.com/www.noesblanches.com/images/pond2s.jpg' -> '/Users/paul/Dropbox/PaulStuff/griny-template3/onepage/images/pond2s.jpg'
2015-07-14 15:27:08: Copy Over 's3://s3.amazonaws.com/www.noesblanches.com/images/pool1.jpg' -> '/Users/paul/Dropbox/PaulStuff/griny-template3/onepage/images/pool1.jpg'
2015-07-14 15:27:11: Copy Over 's3://s3.amazonaws.com/www.noesblanches.com/images/pool1_s.jpg' -> '/Users/paul/Dropbox/PaulStuff/griny-template3/onepage/images/pool1_s.jpg'
2015-07-14 15:27:11: Copy Over 's3://s3.amazonaws.com/www.noesblanches.com/images/pool2_sq.jpg' -> '/Users/paul/Dropbox/PaulStuff/griny-template3/onepage/images/pool2_sq.jpg'
2015-07-14 15:27:12: Copy Over 's3://s3.amazonaws.com/www.noesblanches.com/images/screen.jpg' -> '/Users/paul/Dropbox/PaulStuff/griny-template3/onepage/images/screen.jpg'
2015-07-14 15:27:13: Copy Over 's3://s3.amazonaws.com/www.noesblanches.com/images/team2.jpg' -> '/Users/paul/Dropbox/PaulStuff/griny-template3/onepage/images/team2.jpg'
2015-07-14 15:27:13: Copy Over 's3://s3.amazonaws.com/www.noesblanches.com/images/team3.jpg' -> '/Users/paul/Dropbox/PaulStuff/griny-template3/onepage/images/team3.jpg'
2015-07-14 15:27:15: Copy Over 's3://s3.amazonaws.com/www.noesblanches.com/images/tent1.jpg' -> '/Users/paul/Dropbox/PaulStuff/griny-template3/onepage/images/tent1.jpg'
2015-07-14 15:27:15: Copy Over 's3://s3.amazonaws.com/www.noesblanches.com/images/tent1s.jpg' -> '/Users/paul/Dropbox/PaulStuff/griny-template3/onepage/images/tent1s.jpg'
2015-07-14 15:27:18: Copy Over 's3://s3.amazonaws.com/www.noesblanches.com/images/tent2.jpg' -> '/Users/paul/Dropbox/PaulStuff/griny-template3/onepage/images/tent2.jpg'
2015-07-14 15:27:18: Copy Over 's3://s3.amazonaws.com/www.noesblanches.com/images/tent2s.jpg' -> '/Users/paul/Dropbox/PaulStuff/griny-template3/onepage/images/tent2s.jpg'
2015-07-14 15:27:18: Copy Over 's3://s3.amazonaws.com/www.noesblanches.com/images/tentlights1.jpg' -> '/Users/paul/Dropbox/PaulStuff/griny-template3/onepage/images/tentlights1.jpg'
2015-07-14 15:27:19: Copy Over 's3://s3.amazonaws.com/www.noesblanches.com/images/tentlights1s.jpg' -> '/Users/paul/Dropbox/PaulStuff/griny-template3/onepage/images/tentlights1s.jpg'
2015-07-14 15:27:20: Copy Over 's3://s3.amazonaws.com/www.noesblanches.com/images/tentlights1sq.jpg' -> '/Users/paul/Dropbox/PaulStuff/griny-template3/onepage/images/tentlights1sq.jpg'
2015-07-14 15:27:20: Copy Over 's3://s3.amazonaws.com/www.noesblanches.com/index' -> '/Users/paul/Dropbox/PaulStuff/griny-template3/onepage/index'
2015-07-14 15:27:20: Copy Over 's3://s3.amazonaws.com/www.noesblanches.com/js/bootstrap.js' -> '/Users/paul/Dropbox/PaulStuff/griny-template3/onepage/js/bootstrap.js'
2015-07-14 15:27:21: Copy Over 's3://s3.amazonaws.com/www.noesblanches.com/js/bootstrap.min.js' -> '/Users/paul/Dropbox/PaulStuff/griny-template3/onepage/js/bootstrap.min.js'
2015-07-14 15:27:21: Copy New 's3://s3.amazonaws.com/www.noesblanches.com/js/Icon
' -> '/Users/paul/Dropbox/PaulStuff/griny-template3/onepage/js/Icon
'
- ERROR: Error copying file: Not Found by server
2015-07-14 15:27:21: Copy Over 's3://s3.amazonaws.com/www.noesblanches.com/js/jquery.colorbox-min.js' -> '/Users/paul/Dropbox/PaulStuff/griny-template3/onepage/js/jquery.colorbox-min.js'
2015-07-14 15:27:21: Copy Over 's3://s3.amazonaws.com/www.noesblanches.com/js/jquery.imagesloaded.js' -> '/Users/paul/Dropbox/PaulStuff/griny-template3/onepage/js/jquery.imagesloaded.js'
2015-07-14 15:27:21: Copy Over 's3://s3.amazonaws.com/www.noesblanches.com/js/jquery.viewport.min.js' -> '/Users/paul/Dropbox/PaulStuff/griny-template3/onepage/js/jquery.viewport.min.js'
2015-07-14 15:27:21: Copy Over 's3://s3.amazonaws.com/www.noesblanches.com/js/jquery.wookmark.min.js' -> '/Users/paul/Dropbox/PaulStuff/griny-template3/onepage/js/jquery.wookmark.min.js'
2015-07-14 15:27:21: Copy Over 's3://s3.amazonaws.com/www.noesblanches.com/js/main.js' -> '/Users/paul/Dropbox/PaulStuff/griny-template3/onepage/js/main.js'
2015-07-14 15:27:22: Copy Over 's3://s3.amazonaws.com/www.noesblanches.com/js/main2.js' -> '/Users/paul/Dropbox/PaulStuff/griny-template3/onepage/js/main2.js'
2015-07-14 15:27:22: Copy Over 's3://s3.amazonaws.com/www.noesblanches.com/js/masonry.pkgd.min.js' -> '/Users/paul/Dropbox/PaulStuff/griny-template3/onepage/js/masonry.pkgd.min.js'
2015-07-14 15:27:22: Copy Over 's3://s3.amazonaws.com/www.noesblanches.com/js/placeholder.js' -> '/Users/paul/Dropbox/PaulStuff/griny-template3/onepage/js/placeholder.js'
2015-07-14 15:27:22: Copy Over 's3://s3.amazonaws.com/www.noesblanches.com/js/plugins.js' -> '/Users/paul/Dropbox/PaulStuff/griny-template3/onepage/js/plugins.js'
2015-07-14 15:27:22: Copy Over 's3://s3.amazonaws.com/www.noesblanches.com/js/respond.min.js' -> '/Users/paul/Dropbox/PaulStuff/griny-template3/onepage/js/respond.min.js'
2015-07-14 15:27:22: Copy New 's3://s3.amazonaws.com/www.noesblanches.com/js/vendor/Icon
' -> '/Users/paul/Dropbox/PaulStuff/griny-template3/onepage/js/vendor/Icon
'
- ERROR: Error copying file: Not Found by server
2015-07-14 15:27:23: Copy Over 's3://s3.amazonaws.com/www.noesblanches.com/js/vendor/jquery-1.10.2.min.js' -> '/Users/paul/Dropbox/PaulStuff/griny-template3/onepage/js/vendor/jquery-1.10.2.min.js'
2015-07-14 15:27:23: Copy Over 's3://s3.amazonaws.com/www.noesblanches.com/js/vendor/modernizr-2.6.2.min.js' -> '/Users/paul/Dropbox/PaulStuff/griny-template3/onepage/js/vendor/modernizr-2.6.2.min.js'
2015-07-14 15:27:23: Copy Over 's3://s3.amazonaws.com/www.noesblanches.com/js/waypoints.js' -> '/Users/paul/Dropbox/PaulStuff/griny-template3/onepage/js/waypoints.js'
2015-07-14 15:27:23: == Sync Complete. Time: 00:02:57, Speed: 116.0 KB/s, OK: 308, Errors: 9
2015-07-14 15:27:23: 
